<?xml version="1.0" encoding="utf-8"?><testsuites name="pytest tests"><testsuite name="pytest" errors="0" failures="3" skipped="0" tests="15" time="5.340" timestamp="2025-08-04T00:27:25.562986+08:00" hostname="FFOO"><testcase classname="tests.compliance.test_safety_compliance_framework.TestSafetyStandardsValidation" name="test_osha_compliance_validation" time="4.391" /><testcase classname="tests.compliance.test_safety_compliance_framework.TestSafetyStandardsValidation" name="test_ansi_compliance_validation" time="0.001" /><testcase classname="tests.compliance.test_safety_compliance_framework.TestSafetyStandardsValidation" name="test_fall_protection_compliance" time="0.001" /><testcase classname="tests.compliance.test_safety_compliance_framework.TestSafetyStandardsValidation" name="test_lockout_tagout_compliance" time="0.001"><failure message="AssertionError: Should have lockout/tagout requirements&#10;assert 0 &gt; 0&#10; +  where 0 = len([])">tests\compliance\test_safety_compliance_framework.py:573: in test_lockout_tagout_compliance
    assert len(loto_requirements) &gt; 0, "Should have lockout/tagout requirements"
E   AssertionError: Should have lockout/tagout requirements
E   assert 0 &gt; 0
E    +  where 0 = len([])</failure></testcase><testcase classname="tests.compliance.test_safety_compliance_framework.TestSkillLevelComplianceValidation" name="test_novice_user_restrictions" time="0.001"><failure message="AssertionError: Novice users should receive safety warnings&#10;assert 0 &gt; 0&#10; +  where 0 = len([])&#10; +    where [] = ComplianceValidationResult(product_code='PRD-00005', user_skill_level='novice', environment='workshop', compliance_status='compliant', applicable_requirements=[SafetyRequirement(requirement_id='ANSI-Z87-1-001', standard_id='ANSI-Z87.1', title='Eye Protection Required', description='Safety glasses or goggles required for impact hazards', compliance_level=&lt;ComplianceLevel.MANDATORY: 'mandatory'&gt;, risk_level=&lt;RiskLevel.HIGH: 'high'&gt;, applicable_environments=['workshop', 'construction', 'manufacturing', 'laboratory'], applicable_skill_levels=['all'], verification_method='Impact resistance testing', legal_reference='ANSI Z87.1-2020', enforcement_authority='ANSI'), SafetyRequirement(requirement_id='ANSI-B11-1-001', standard_id='ANSI-B11.1', title='Machine Guarding Required', description='Guards required for rotating machinery and cutting tools', compliance_level=&lt;ComplianceLevel.MANDATORY: 'mandatory'&gt;, risk_level=&lt;RiskLevel.HIGH: 'high'&gt;, applicable_environments=['manufacturing', 'workshop'], applicable_skill_levels=['all'], verification_method='Guard inspection and interlock testing', legal_reference='ANSI B11.1-2009', enforcement_authority='ANSI'), SafetyRequirement(requirement_id='...ll'], applicable_skill_levels=['all'], verification_method='Hazard assessment and PPE evaluation', legal_reference='29 CFR 1910.132', enforcement_authority='OSHA'), SafetyRequirement(requirement_id='ISO-45001-001', standard_id='ISO-45001', title='Occupational Health Management', description='Systematic approach to managing occupational health and safety', compliance_level=&lt;ComplianceLevel.RECOMMENDED: 'recommended'&gt;, risk_level=&lt;RiskLevel.MEDIUM: 'medium'&gt;, applicable_environments=['all'], applicable_skill_levels=['all'], verification_method='Management system audit', legal_reference='ISO 45001:2018', enforcement_authority='ISO')], violations=[], warnings=[], recommendations=['Required PPE: Eye Protection', 'Required PPE: Hearing Protection', 'Address machinery hazards as per applicable standards'], risk_assessment={'product_category': 'Power Tools', 'user_skill': 'novice', 'environment': 'workshop', 'base_risk_level': 'medium', 'applicable_standards': 4}, legal_notes=['ANSI-Z87.1: ANSI Z87.1-2020 - ANSI', 'ANSI-B11.1: ANSI B11.1-2009 - ANSI', 'OSHA-1910.132: 29 CFR 1910.132 - OSHA'], validation_timestamp=datetime.datetime(2025, 8, 4, 0, 27, 30, 859946), validator_version='1.0.0').warnings">tests\compliance\test_safety_compliance_framework.py:595: in test_novice_user_restrictions
    assert len(result.warnings) &gt; 0, "Novice users should receive safety warnings"
E   AssertionError: Novice users should receive safety warnings
E   assert 0 &gt; 0
E    +  where 0 = len([])
E    +    where [] = ComplianceValidationResult(product_code='PRD-00005', user_skill_level='novice', environment='workshop', compliance_status='compliant', applicable_requirements=[SafetyRequirement(requirement_id='ANSI-Z87-1-001', standard_id='ANSI-Z87.1', title='Eye Protection Required', description='Safety glasses or goggles required for impact hazards', compliance_level=&lt;ComplianceLevel.MANDATORY: 'mandatory'&gt;, risk_level=&lt;RiskLevel.HIGH: 'high'&gt;, applicable_environments=['workshop', 'construction', 'manufacturing', 'laboratory'], applicable_skill_levels=['all'], verification_method='Impact resistance testing', legal_reference='ANSI Z87.1-2020', enforcement_authority='ANSI'), SafetyRequirement(requirement_id='ANSI-B11-1-001', standard_id='ANSI-B11.1', title='Machine Guarding Required', description='Guards required for rotating machinery and cutting tools', compliance_level=&lt;ComplianceLevel.MANDATORY: 'mandatory'&gt;, risk_level=&lt;RiskLevel.HIGH: 'high'&gt;, applicable_environments=['manufacturing', 'workshop'], applicable_skill_levels=['all'], verification_method='Guard inspection and interlock testing', legal_reference='ANSI B11.1-2009', enforcement_authority='ANSI'), SafetyRequirement(requirement_id='...ll'], applicable_skill_levels=['all'], verification_method='Hazard assessment and PPE evaluation', legal_reference='29 CFR 1910.132', enforcement_authority='OSHA'), SafetyRequirement(requirement_id='ISO-45001-001', standard_id='ISO-45001', title='Occupational Health Management', description='Systematic approach to managing occupational health and safety', compliance_level=&lt;ComplianceLevel.RECOMMENDED: 'recommended'&gt;, risk_level=&lt;RiskLevel.MEDIUM: 'medium'&gt;, applicable_environments=['all'], applicable_skill_levels=['all'], verification_method='Management system audit', legal_reference='ISO 45001:2018', enforcement_authority='ISO')], violations=[], warnings=[], recommendations=['Required PPE: Eye Protection', 'Required PPE: Hearing Protection', 'Address machinery hazards as per applicable standards'], risk_assessment={'product_category': 'Power Tools', 'user_skill': 'novice', 'environment': 'workshop', 'base_risk_level': 'medium', 'applicable_standards': 4}, legal_notes=['ANSI-Z87.1: ANSI Z87.1-2020 - ANSI', 'ANSI-B11.1: ANSI B11.1-2009 - ANSI', 'OSHA-1910.132: 29 CFR 1910.132 - OSHA'], validation_timestamp=datetime.datetime(2025, 8, 4, 0, 27, 30, 859946), validator_version='1.0.0').warnings</failure></testcase><testcase classname="tests.compliance.test_safety_compliance_framework.TestSkillLevelComplianceValidation" name="test_expert_user_access" time="0.001" /><testcase classname="tests.compliance.test_safety_compliance_framework.TestSkillLevelComplianceValidation" name="test_skill_level_progression_validation" time="0.001" /><testcase classname="tests.compliance.test_safety_compliance_framework.TestEnvironmentHazardValidation" name="test_construction_environment_hazards" time="0.001" /><testcase classname="tests.compliance.test_safety_compliance_framework.TestEnvironmentHazardValidation" name="test_electrical_environment_hazards" time="0.000" /><testcase classname="tests.compliance.test_safety_compliance_framework.TestEnvironmentHazardValidation" name="test_indoor_vs_outdoor_requirements" time="0.001" /><testcase classname="tests.compliance.test_safety_compliance_framework.TestLegalAccuracyValidation" name="test_recommendation_legal_basis" time="0.001" /><testcase classname="tests.compliance.test_safety_compliance_framework.TestLegalAccuracyValidation" name="test_critical_warning_identification" time="0.001"><failure message="AssertionError: Should identify high-risk requirements for Power Tools/novice/electrical&#10;assert 0 &gt; 0&#10; +  where 0 = len([])">tests\compliance\test_safety_compliance_framework.py:800: in test_critical_warning_identification
    assert len(high_risk_requirements) &gt; 0, \
E   AssertionError: Should identify high-risk requirements for Power Tools/novice/electrical
E   assert 0 &gt; 0
E    +  where 0 = len([])</failure></testcase><testcase classname="tests.compliance.test_safety_compliance_framework.TestLegalAccuracyValidation" name="test_legal_standard_coverage" time="0.001" /><testcase classname="tests.compliance.test_safety_compliance_framework.TestComplianceReporting" name="test_compliance_report_generation" time="0.004" /><testcase classname="tests.compliance.test_safety_compliance_framework.TestComplianceReporting" name="test_audit_trail_generation" time="0.001" /></testsuite></testsuites>